Using pre-set license
Built from '2020.2/staging' branch; Version is '2020.2.3f1 (8ff31bc5bf5b) revision 9433883'; Using compiler version '192528614'; Build Type 'Release'
OS: 'Windows 10 Pro; OS build 19042.804; Version 2009; 64bit' Language: 'en' Physical Memory: 16276 MB
BatchMode: 1, IsHumanControllingUs: 0, StartBugReporterOnCrash: 0, Is64bit: 1, IsPro: 0

 COMMAND LINE ARGUMENTS:
C:\Program Files\Unity\Hub\Editor\2020.2.3f1\Editor\Unity.exe
-adb2
-batchMode
-noUpm
-name
AssetImportWorker0
-projectPath
C:/Users/edgaras/game
-logFile
Logs/AssetImportWorker0.log
-srvPort
58512
Successfully changed project path to: C:/Users/edgaras/game
C:/Users/edgaras/game
Using Asset Import Pipeline V2.
Refreshing native plugins compatible for Editor in 44.65 ms, found 1 plugins.
Preloading 0 native plugins for Editor in 0.00 ms.
Initialize engine version: 2020.2.3f1 (8ff31bc5bf5b)
[Subsystems] Discovering subsystems at path C:/Program Files/Unity/Hub/Editor/2020.2.3f1/Editor/Data/Resources/UnitySubsystems
[Subsystems] Discovering subsystems at path C:/Users/edgaras/game/Assets
GfxDevice: creating device client; threaded=0
Direct3D:
    Version:  Direct3D 11.0 [level 11.1]
    Renderer: NVIDIA GeForce GTX 1050 (ID=0x1c8d)
    Vendor:   
    VRAM:     4021 MB
    Driver:   27.21.14.6140
Initialize mono
Mono path[0] = 'C:/Program Files/Unity/Hub/Editor/2020.2.3f1/Editor/Data/Managed'
Mono path[1] = 'C:/Program Files/Unity/Hub/Editor/2020.2.3f1/Editor/Data/MonoBleedingEdge/lib/mono/unityjit'
Mono config path = 'C:/Program Files/Unity/Hub/Editor/2020.2.3f1/Editor/Data/MonoBleedingEdge/etc'
Using monoOptions --debugger-agent=transport=dt_socket,embedding=1,server=y,suspend=n,address=127.0.0.1:56440
Begin MonoManager ReloadAssembly
Registering precompiled unity dll's ...
Register platform support module: C:/Program Files/Unity/Hub/Editor/2020.2.3f1/Editor/Data/PlaybackEngines/WindowsStandaloneSupport/UnityEditor.WindowsStandalone.Extensions.dll
Registered in 0.002187 seconds.
Native extension for WindowsStandalone target not found
Refreshing native plugins compatible for Editor in 41.82 ms, found 1 plugins.
Preloading 0 native plugins for Editor in 0.00 ms.
Invoked RoslynAnalysisRunner static constructor.
RoslynAnalysisRunner will not be running.
RoslynAnalysisRunner has terminated.
Mono: successfully reloaded assembly
- Completed reload, in  1.560 seconds
Platform modules already initialized, skipping
Registering precompiled user dll's ...
Registered in 0.001182 seconds.
Begin MonoManager ReloadAssembly
Native extension for WindowsStandalone target not found
Refreshing native plugins compatible for Editor in 51.02 ms, found 1 plugins.
Preloading 0 native plugins for Editor in 0.00 ms.
Invoked RoslynAnalysisRunner static constructor.
RoslynAnalysisRunner will not be running.
RoslynAnalysisRunner has terminated.
Mono: successfully reloaded assembly
- Completed reload, in  1.237 seconds
Platform modules already initialized, skipping
========================================================================
Worker process is ready to serve import requests
Launched and connected shader compiler UnityShaderCompiler.exe after 0.06 seconds
Refreshing native plugins compatible for Editor in 0.53 ms, found 1 plugins.
Preloading 0 native plugins for Editor in 0.00 ms.
Unloading 1770 Unused Serialized files (Serialized files now loaded: 0)
System memory in use before: 84.2 MB.
System memory in use after: 84.3 MB.

Unloading 18 unused Assets to reduce memory usage. Loaded Objects now: 2222.
Total: 2.493400 ms (FindLiveObjects: 0.233200 ms CreateObjectMapping: 0.302400 ms MarkObjects: 1.908200 ms  DeleteObjects: 0.048500 ms)

========================================================================
Received Import Request.
  path: Assets/Scripts/Platformer.cs
  artifactKey: Guid(f552a2fcf200f27489a287c2998dfee8) Importer(815301076,1909f56bfc062723c751e8b465ee728b)
Start importing Assets/Scripts/Platformer.cs using Guid(f552a2fcf200f27489a287c2998dfee8) Importer(815301076,1909f56bfc062723c751e8b465ee728b)  -> (artifact id: 'f791eba45dcf5dccffab87420b5b522d') in 0.037826 seconds
  Import took 0.041051 seconds .

========================================================================
Received Import Request.
  Time since last request: 126.762187 seconds.
  path: Assets/Scripts/Platformer.cs
  artifactKey: Guid(f552a2fcf200f27489a287c2998dfee8) Importer(815301076,1909f56bfc062723c751e8b465ee728b)
Start importing Assets/Scripts/Platformer.cs using Guid(f552a2fcf200f27489a287c2998dfee8) Importer(815301076,1909f56bfc062723c751e8b465ee728b)  -> (artifact id: 'c3124ab9cc95e0d214af8554618f9355') in 0.005330 seconds
  Import took 0.009222 seconds .

========================================================================
Received Import Request.
  Time since last request: 0.024317 seconds.
  path: Assets/Scripts/Platformer.cs
  artifactKey: Guid(f552a2fcf200f27489a287c2998dfee8) Importer(815301076,1909f56bfc062723c751e8b465ee728b)
Start importing Assets/Scripts/Platformer.cs using Guid(f552a2fcf200f27489a287c2998dfee8) Importer(815301076,1909f56bfc062723c751e8b465ee728b)  -> (artifact id: 'c3124ab9cc95e0d214af8554618f9355') in 0.004808 seconds
  Import took 0.008393 seconds .

========================================================================
Received Prepare
Registering precompiled user dll's ...
Registered in 0.003340 seconds.
Begin MonoManager ReloadAssembly
Native extension for WindowsStandalone target not found
Refreshing native plugins compatible for Editor in 0.37 ms, found 1 plugins.
Preloading 0 native plugins for Editor in 0.00 ms.
Invoked RoslynAnalysisRunner static constructor.
RoslynAnalysisRunner will not be running.
RoslynAnalysisRunner has terminated.
Mono: successfully reloaded assembly
- Completed reload, in  1.318 seconds
Platform modules already initialized, skipping
Refreshing native plugins compatible for Editor in 0.46 ms, found 1 plugins.
Preloading 0 native plugins for Editor in 0.00 ms.
Unloading 1761 Unused Serialized files (Serialized files now loaded: 0)
System memory in use before: 84.0 MB.
System memory in use after: 84.1 MB.

Unloading 8 unused Assets to reduce memory usage. Loaded Objects now: 2224.
Total: 2.969100 ms (FindLiveObjects: 0.220300 ms CreateObjectMapping: 0.093700 ms MarkObjects: 2.607800 ms  DeleteObjects: 0.045500 ms)

========================================================================
Received Prepare
Registering precompiled user dll's ...
Registered in 0.001092 seconds.
Begin MonoManager ReloadAssembly
Native extension for WindowsStandalone target not found
Refreshing native plugins compatible for Editor in 0.37 ms, found 1 plugins.
Preloading 0 native plugins for Editor in 0.00 ms.
Invoked RoslynAnalysisRunner static constructor.
RoslynAnalysisRunner will not be running.
RoslynAnalysisRunner has terminated.
Mono: successfully reloaded assembly
- Completed reload, in  1.174 seconds
Platform modules already initialized, skipping
Refreshing native plugins compatible for Editor in 0.51 ms, found 1 plugins.
Preloading 0 native plugins for Editor in 0.00 ms.
Unloading 1761 Unused Serialized files (Serialized files now loaded: 0)
System memory in use before: 84.0 MB.
System memory in use after: 84.1 MB.

Unloading 8 unused Assets to reduce memory usage. Loaded Objects now: 2226.
Total: 2.264700 ms (FindLiveObjects: 0.312800 ms CreateObjectMapping: 0.128100 ms MarkObjects: 1.783000 ms  DeleteObjects: 0.039000 ms)

========================================================================
Received Prepare
Registering precompiled user dll's ...
Registered in 0.001126 seconds.
Begin MonoManager ReloadAssembly
Native extension for WindowsStandalone target not found
Refreshing native plugins compatible for Editor in 0.40 ms, found 1 plugins.
Preloading 0 native plugins for Editor in 0.00 ms.
Invoked RoslynAnalysisRunner static constructor.
RoslynAnalysisRunner will not be running.
RoslynAnalysisRunner has terminated.
Mono: successfully reloaded assembly
- Completed reload, in  1.229 seconds
Platform modules already initialized, skipping
Refreshing native plugins compatible for Editor in 0.37 ms, found 1 plugins.
Preloading 0 native plugins for Editor in 0.00 ms.
Unloading 1761 Unused Serialized files (Serialized files now loaded: 0)
System memory in use before: 84.0 MB.
System memory in use after: 84.1 MB.

Unloading 8 unused Assets to reduce memory usage. Loaded Objects now: 2228.
Total: 4.592200 ms (FindLiveObjects: 0.345100 ms CreateObjectMapping: 0.141900 ms MarkObjects: 4.078700 ms  DeleteObjects: 0.024000 ms)

========================================================================
Received Prepare
Registering precompiled user dll's ...
Registered in 0.001023 seconds.
Begin MonoManager ReloadAssembly
Native extension for WindowsStandalone target not found
Refreshing native plugins compatible for Editor in 0.39 ms, found 1 plugins.
Preloading 0 native plugins for Editor in 0.00 ms.
Invoked RoslynAnalysisRunner static constructor.
RoslynAnalysisRunner will not be running.
RoslynAnalysisRunner has terminated.
Mono: successfully reloaded assembly
- Completed reload, in  1.205 seconds
Platform modules already initialized, skipping
Refreshing native plugins compatible for Editor in 0.36 ms, found 1 plugins.
Preloading 0 native plugins for Editor in 0.00 ms.
Unloading 1761 Unused Serialized files (Serialized files now loaded: 0)
System memory in use before: 84.0 MB.
System memory in use after: 84.1 MB.

Unloading 8 unused Assets to reduce memory usage. Loaded Objects now: 2230.
Total: 1.993700 ms (FindLiveObjects: 0.181500 ms CreateObjectMapping: 0.073600 ms MarkObjects: 1.717300 ms  DeleteObjects: 0.019900 ms)

========================================================================
Received Prepare
Registering precompiled user dll's ...
Registered in 0.001104 seconds.
Begin MonoManager ReloadAssembly
Native extension for WindowsStandalone target not found
Refreshing native plugins compatible for Editor in 0.40 ms, found 1 plugins.
Preloading 0 native plugins for Editor in 0.00 ms.
Invoked RoslynAnalysisRunner static constructor.
RoslynAnalysisRunner will not be running.
RoslynAnalysisRunner has terminated.
Mono: successfully reloaded assembly
- Completed reload, in  1.155 seconds
Platform modules already initialized, skipping
Refreshing native plugins compatible for Editor in 0.36 ms, found 1 plugins.
Preloading 0 native plugins for Editor in 0.00 ms.
Unloading 1761 Unused Serialized files (Serialized files now loaded: 0)
System memory in use before: 84.0 MB.
System memory in use after: 84.1 MB.

Unloading 8 unused Assets to reduce memory usage. Loaded Objects now: 2232.
Total: 2.099700 ms (FindLiveObjects: 0.282200 ms CreateObjectMapping: 0.114100 ms MarkObjects: 1.684400 ms  DeleteObjects: 0.017900 ms)

========================================================================
Received Prepare
Registering precompiled user dll's ...
Registered in 0.003185 seconds.
Begin MonoManager ReloadAssembly
Native extension for WindowsStandalone target not found
Refreshing native plugins compatible for Editor in 0.37 ms, found 1 plugins.
Preloading 0 native plugins for Editor in 0.00 ms.
Invoked RoslynAnalysisRunner static constructor.
RoslynAnalysisRunner will not be running.
RoslynAnalysisRunner has terminated.
Mono: successfully reloaded assembly
- Completed reload, in  1.174 seconds
Platform modules already initialized, skipping
Refreshing native plugins compatible for Editor in 0.41 ms, found 1 plugins.
Preloading 0 native plugins for Editor in 0.00 ms.
Unloading 1761 Unused Serialized files (Serialized files now loaded: 0)
System memory in use before: 84.0 MB.
System memory in use after: 84.2 MB.

Unloading 8 unused Assets to reduce memory usage. Loaded Objects now: 2234.
Total: 2.011200 ms (FindLiveObjects: 0.211400 ms CreateObjectMapping: 0.082200 ms MarkObjects: 1.695900 ms  DeleteObjects: 0.020300 ms)

========================================================================
Received Prepare
Registering precompiled user dll's ...
Registered in 0.001128 seconds.
Begin MonoManager ReloadAssembly
Native extension for WindowsStandalone target not found
Refreshing native plugins compatible for Editor in 0.41 ms, found 1 plugins.
Preloading 0 native plugins for Editor in 0.00 ms.
Invoked RoslynAnalysisRunner static constructor.
RoslynAnalysisRunner will not be running.
RoslynAnalysisRunner has terminated.
Mono: successfully reloaded assembly
- Completed reload, in  1.140 seconds
Platform modules already initialized, skipping
Refreshing native plugins compatible for Editor in 0.36 ms, found 1 plugins.
Preloading 0 native plugins for Editor in 0.00 ms.
Unloading 1761 Unused Serialized files (Serialized files now loaded: 0)
System memory in use before: 84.1 MB.
System memory in use after: 84.2 MB.

Unloading 8 unused Assets to reduce memory usage. Loaded Objects now: 2236.
Total: 1.986100 ms (FindLiveObjects: 0.191100 ms CreateObjectMapping: 0.072900 ms MarkObjects: 1.687300 ms  DeleteObjects: 0.033400 ms)

========================================================================
Received Prepare
Registering precompiled user dll's ...
Registered in 0.001129 seconds.
Begin MonoManager ReloadAssembly
Native extension for WindowsStandalone target not found
Refreshing native plugins compatible for Editor in 0.36 ms, found 1 plugins.
Preloading 0 native plugins for Editor in 0.00 ms.
Invoked RoslynAnalysisRunner static constructor.
RoslynAnalysisRunner will not be running.
RoslynAnalysisRunner has terminated.
Mono: successfully reloaded assembly
- Completed reload, in  1.143 seconds
Platform modules already initialized, skipping
Refreshing native plugins compatible for Editor in 0.42 ms, found 1 plugins.
Preloading 0 native plugins for Editor in 0.00 ms.
Unloading 1761 Unused Serialized files (Serialized files now loaded: 0)
System memory in use before: 84.1 MB.
System memory in use after: 84.2 MB.

Unloading 8 unused Assets to reduce memory usage. Loaded Objects now: 2238.
Total: 2.629200 ms (FindLiveObjects: 0.288200 ms CreateObjectMapping: 0.120200 ms MarkObjects: 2.193700 ms  DeleteObjects: 0.025300 ms)

========================================================================
Received Prepare
Registering precompiled user dll's ...
Registered in 0.001144 seconds.
Begin MonoManager ReloadAssembly
Native extension for WindowsStandalone target not found
Refreshing native plugins compatible for Editor in 0.36 ms, found 1 plugins.
Preloading 0 native plugins for Editor in 0.00 ms.
Invoked RoslynAnalysisRunner static constructor.
RoslynAnalysisRunner will not be running.
RoslynAnalysisRunner has terminated.
Mono: successfully reloaded assembly
- Completed reload, in  1.146 seconds
Platform modules already initialized, skipping
Refreshing native plugins compatible for Editor in 0.37 ms, found 1 plugins.
Preloading 0 native plugins for Editor in 0.00 ms.
Unloading 1761 Unused Serialized files (Serialized files now loaded: 0)
System memory in use before: 84.1 MB.
System memory in use after: 84.2 MB.

Unloading 8 unused Assets to reduce memory usage. Loaded Objects now: 2240.
Total: 1.966000 ms (FindLiveObjects: 0.188900 ms CreateObjectMapping: 0.076700 ms MarkObjects: 1.676600 ms  DeleteObjects: 0.022400 ms)

========================================================================
Received Prepare
Registering precompiled user dll's ...
Registered in 0.001038 seconds.
Begin MonoManager ReloadAssembly
Native extension for WindowsStandalone target not found
Refreshing native plugins compatible for Editor in 0.44 ms, found 1 plugins.
Preloading 0 native plugins for Editor in 0.00 ms.
Invoked RoslynAnalysisRunner static constructor.
RoslynAnalysisRunner will not be running.
RoslynAnalysisRunner has terminated.
Mono: successfully reloaded assembly
- Completed reload, in  1.217 seconds
Platform modules already initialized, skipping
Refreshing native plugins compatible for Editor in 0.52 ms, found 1 plugins.
Preloading 0 native plugins for Editor in 0.00 ms.
Unloading 1761 Unused Serialized files (Serialized files now loaded: 0)
System memory in use before: 84.1 MB.
System memory in use after: 84.2 MB.

Unloading 8 unused Assets to reduce memory usage. Loaded Objects now: 2242.
Total: 2.800500 ms (FindLiveObjects: 0.361200 ms CreateObjectMapping: 0.161600 ms MarkObjects: 2.253500 ms  DeleteObjects: 0.022100 ms)

========================================================================
Received Prepare
Registering precompiled user dll's ...
Registered in 0.001101 seconds.
Begin MonoManager ReloadAssembly
Native extension for WindowsStandalone target not found
Refreshing native plugins compatible for Editor in 0.45 ms, found 1 plugins.
Preloading 0 native plugins for Editor in 0.00 ms.
Invoked RoslynAnalysisRunner static constructor.
RoslynAnalysisRunner will not be running.
RoslynAnalysisRunner has terminated.
Mono: successfully reloaded assembly
- Completed reload, in  1.245 seconds
Platform modules already initialized, skipping
Refreshing native plugins compatible for Editor in 0.35 ms, found 1 plugins.
Preloading 0 native plugins for Editor in 0.00 ms.
Unloading 1761 Unused Serialized files (Serialized files now loaded: 0)
System memory in use before: 84.1 MB.
System memory in use after: 84.2 MB.

Unloading 8 unused Assets to reduce memory usage. Loaded Objects now: 2244.
Total: 2.343200 ms (FindLiveObjects: 0.275500 ms CreateObjectMapping: 0.087200 ms MarkObjects: 1.956100 ms  DeleteObjects: 0.022800 ms)

========================================================================
Received Prepare
Registering precompiled user dll's ...
Registered in 0.001123 seconds.
Begin MonoManager ReloadAssembly
Native extension for WindowsStandalone target not found
Refreshing native plugins compatible for Editor in 0.35 ms, found 1 plugins.
Preloading 0 native plugins for Editor in 0.00 ms.
Invoked RoslynAnalysisRunner static constructor.
RoslynAnalysisRunner will not be running.
RoslynAnalysisRunner has terminated.
Mono: successfully reloaded assembly
- Completed reload, in  1.629 seconds
Platform modules already initialized, skipping
Refreshing native plugins compatible for Editor in 0.39 ms, found 1 plugins.
Preloading 0 native plugins for Editor in 0.00 ms.
Unloading 1761 Unused Serialized files (Serialized files now loaded: 0)
System memory in use before: 84.1 MB.
System memory in use after: 84.2 MB.

Unloading 8 unused Assets to reduce memory usage. Loaded Objects now: 2246.
Total: 1.971600 ms (FindLiveObjects: 0.198900 ms CreateObjectMapping: 0.071100 ms MarkObjects: 1.680900 ms  DeleteObjects: 0.019300 ms)

========================================================================
Received Import Request.
  Time since last request: 8392.073620 seconds.
  path: Assets/Textures/StoneFloorTexture
  artifactKey: Guid(bc5d741ba41f0e74fb0445fa9d292450) Importer(815301076,1909f56bfc062723c751e8b465ee728b)
Start importing Assets/Textures/StoneFloorTexture using Guid(bc5d741ba41f0e74fb0445fa9d292450) Importer(815301076,1909f56bfc062723c751e8b465ee728b)  -> (artifact id: '9c17fbe36293634692cb042816996ee7') in 0.019507 seconds
  Import took 0.023862 seconds .

========================================================================
Received Import Request.
  Time since last request: 0.042324 seconds.
  path: Assets/Textures/StoneFloorTexture/stone_floor_d.png
  artifactKey: Guid(6450329bf1bc5314d894e25d73e26b89) Importer(815301076,1909f56bfc062723c751e8b465ee728b)
Start importing Assets/Textures/StoneFloorTexture/stone_floor_d.png using Guid(6450329bf1bc5314d894e25d73e26b89) Importer(815301076,1909f56bfc062723c751e8b465ee728b)  -> (artifact id: '244068a117ec08bd147da26fe20b51bf') in 0.124383 seconds
  Import took 0.128494 seconds .

========================================================================
Received Import Request.
  Time since last request: 247.843129 seconds.
  path: Assets/Textures
  artifactKey: Guid(4408a6ed0126e474db9a6761b9bea095) Importer(815301076,1909f56bfc062723c751e8b465ee728b)
Start importing Assets/Textures using Guid(4408a6ed0126e474db9a6761b9bea095) Importer(815301076,1909f56bfc062723c751e8b465ee728b)  -> (artifact id: '3b2cf56ceba3d94b86c98c5e71dae339') in 0.012426 seconds
  Import took 0.016765 seconds .

========================================================================
Received Import Request.
  Time since last request: 62.189884 seconds.
  path: Assets/stone_floor_d.png
  artifactKey: Guid(6450329bf1bc5314d894e25d73e26b89) Importer(815301076,1909f56bfc062723c751e8b465ee728b)
Start importing Assets/stone_floor_d.png using Guid(6450329bf1bc5314d894e25d73e26b89) Importer(815301076,1909f56bfc062723c751e8b465ee728b)  -> (artifact id: 'c52ab123fb233b76776700c6278c7972') in 0.088978 seconds
  Import took 0.092548 seconds .

========================================================================
Received Import Request.
  Time since last request: 61.201010 seconds.
  path: Assets/stone_floor_d.png
  artifactKey: Guid(6450329bf1bc5314d894e25d73e26b89) Importer(815301076,1909f56bfc062723c751e8b465ee728b)
Start importing Assets/stone_floor_d.png using Guid(6450329bf1bc5314d894e25d73e26b89) Importer(815301076,1909f56bfc062723c751e8b465ee728b)  -> (artifact id: '668c00b33e14143559f42e70b273e310') in 0.037147 seconds
  Import took 0.041659 seconds .

========================================================================
Received Import Request.
  Time since last request: 182.486783 seconds.
  path: Assets/Textures/stone_floor_d.png
  artifactKey: Guid(6450329bf1bc5314d894e25d73e26b89) Importer(815301076,1909f56bfc062723c751e8b465ee728b)
Start importing Assets/Textures/stone_floor_d.png using Guid(6450329bf1bc5314d894e25d73e26b89) Importer(815301076,1909f56bfc062723c751e8b465ee728b)  -> (artifact id: '1135e84f95bd95c365fecf8816ac441c') in 0.046354 seconds
  Import took 0.052465 seconds .

========================================================================
Received Import Request.
  Time since last request: 25.201956 seconds.
  path: Assets/Materials
  artifactKey: Guid(06fcfa885712d5449804a7ed2645413d) Importer(815301076,1909f56bfc062723c751e8b465ee728b)
Start importing Assets/Materials using Guid(06fcfa885712d5449804a7ed2645413d) Importer(815301076,1909f56bfc062723c751e8b465ee728b)  -> (artifact id: '8689e9558b4fa569b6d31450b7720ceb') in 0.013852 seconds
  Import took 0.017379 seconds .

========================================================================
Received Import Request.
  Time since last request: 4.456184 seconds.
  path: Assets/Materials/New Material.mat
  artifactKey: Guid(4b714ea38a7af9747b5e751212a2dc4e) Importer(815301076,1909f56bfc062723c751e8b465ee728b)
Start importing Assets/Materials/New Material.mat using Guid(4b714ea38a7af9747b5e751212a2dc4e) Importer(815301076,1909f56bfc062723c751e8b465ee728b)  -> (artifact id: '9b842ad991309c24d4800f653f6f722f') in 0.103213 seconds
  Import took 0.107546 seconds .

========================================================================
Received Import Request.
  Time since last request: 2215.868022 seconds.
  path: Assets/Scripts/Platformer.cs
  artifactKey: Guid(f552a2fcf200f27489a287c2998dfee8) Importer(815301076,1909f56bfc062723c751e8b465ee728b)
Start importing Assets/Scripts/Platformer.cs using Guid(f552a2fcf200f27489a287c2998dfee8) Importer(815301076,1909f56bfc062723c751e8b465ee728b)  -> (artifact id: 'dfff9ebe47b5202eaa1056e9be378061') in 0.017973 seconds
  Import took 0.029107 seconds .

========================================================================
Received Import Request.
  Time since last request: 0.007515 seconds.
  path: Assets/Scripts/Platformer.cs
  artifactKey: Guid(f552a2fcf200f27489a287c2998dfee8) Importer(815301076,1909f56bfc062723c751e8b465ee728b)
Start importing Assets/Scripts/Platformer.cs using Guid(f552a2fcf200f27489a287c2998dfee8) Importer(815301076,1909f56bfc062723c751e8b465ee728b)  -> (artifact id: 'dfff9ebe47b5202eaa1056e9be378061') in 0.008710 seconds
  Import took 0.013134 seconds .

========================================================================
Received Import Request.
  Time since last request: 4.969617 seconds.
  path: Assets/Scripts/Player.cs
  artifactKey: Guid(f552a2fcf200f27489a287c2998dfee8) Importer(815301076,1909f56bfc062723c751e8b465ee728b)
Start importing Assets/Scripts/Player.cs using Guid(f552a2fcf200f27489a287c2998dfee8) Importer(815301076,1909f56bfc062723c751e8b465ee728b)  -> (artifact id: '29ff43f14595c495949f00c5487ccded') in 0.018339 seconds
  Import took 0.027651 seconds .

========================================================================
Received Prepare
Registering precompiled user dll's ...
Registered in 0.056483 seconds.
Begin MonoManager ReloadAssembly
Native extension for WindowsStandalone target not found
Refreshing native plugins compatible for Editor in 0.40 ms, found 1 plugins.
Preloading 0 native plugins for Editor in 0.00 ms.
Invoked RoslynAnalysisRunner static constructor.
RoslynAnalysisRunner will not be running.
RoslynAnalysisRunner has terminated.
Mono: successfully reloaded assembly
- Completed reload, in  2.167 seconds
Platform modules already initialized, skipping
Refreshing native plugins compatible for Editor in 0.38 ms, found 1 plugins.
Preloading 0 native plugins for Editor in 0.00 ms.
Unloading 1761 Unused Serialized files (Serialized files now loaded: 0)
System memory in use before: 87.4 MB.
System memory in use after: 87.6 MB.

Unloading 8 unused Assets to reduce memory usage. Loaded Objects now: 2290.
Total: 10.382100 ms (FindLiveObjects: 0.251800 ms CreateObjectMapping: 0.084100 ms MarkObjects: 10.016000 ms  DeleteObjects: 0.026000 ms)

========================================================================
Received Prepare
Registering precompiled user dll's ...
Registered in 0.001177 seconds.
Begin MonoManager ReloadAssembly
Native extension for WindowsStandalone target not found
Refreshing native plugins compatible for Editor in 0.40 ms, found 1 plugins.
Preloading 0 native plugins for Editor in 0.00 ms.
Invoked RoslynAnalysisRunner static constructor.
RoslynAnalysisRunner will not be running.
RoslynAnalysisRunner has terminated.
Mono: successfully reloaded assembly
- Completed reload, in  1.204 seconds
Platform modules already initialized, skipping
Refreshing native plugins compatible for Editor in 0.40 ms, found 1 plugins.
Preloading 0 native plugins for Editor in 0.00 ms.
Unloading 1761 Unused Serialized files (Serialized files now loaded: 0)
System memory in use before: 87.5 MB.
System memory in use after: 87.6 MB.

Unloading 8 unused Assets to reduce memory usage. Loaded Objects now: 2292.
Total: 3.388300 ms (FindLiveObjects: 0.218400 ms CreateObjectMapping: 0.087400 ms MarkObjects: 3.054300 ms  DeleteObjects: 0.024700 ms)

========================================================================
Received Prepare
Registering precompiled user dll's ...
Registered in 0.001093 seconds.
Begin MonoManager ReloadAssembly
Native extension for WindowsStandalone target not found
Refreshing native plugins compatible for Editor in 0.51 ms, found 1 plugins.
Preloading 0 native plugins for Editor in 0.00 ms.
Invoked RoslynAnalysisRunner static constructor.
RoslynAnalysisRunner will not be running.
RoslynAnalysisRunner has terminated.
Mono: successfully reloaded assembly
- Completed reload, in  1.125 seconds
Platform modules already initialized, skipping
Refreshing native plugins compatible for Editor in 0.36 ms, found 1 plugins.
Preloading 0 native plugins for Editor in 0.00 ms.
Unloading 1761 Unused Serialized files (Serialized files now loaded: 0)
System memory in use before: 87.5 MB.
System memory in use after: 87.6 MB.

Unloading 8 unused Assets to reduce memory usage. Loaded Objects now: 2294.
Total: 2.747300 ms (FindLiveObjects: 0.234100 ms CreateObjectMapping: 0.143000 ms MarkObjects: 2.343800 ms  DeleteObjects: 0.024300 ms)

AssetImportWorkerClient::OnTransportError - code=2 error=End of file
